0 info it worked if it ends with ok
1 verbose cli [ '/usr/local/Cellar/node/0.10.25/bin/node',
1 verbose cli   '/usr/local/bin/npm',
1 verbose cli   'install',
1 verbose cli   'simpleServer' ]
2 info using npm@1.3.24
3 info using node@v0.10.25
4 verbose readDependencies using package.json deps
5 verbose cache add [ 'simpleServer', null ]
6 verbose cache add name=undefined spec="simpleServer" args=["simpleServer",null]
7 verbose parsed url { protocol: null,
7 verbose parsed url   slashes: null,
7 verbose parsed url   auth: null,
7 verbose parsed url   host: null,
7 verbose parsed url   port: null,
7 verbose parsed url   hostname: null,
7 verbose parsed url   hash: null,
7 verbose parsed url   search: null,
7 verbose parsed url   query: null,
7 verbose parsed url   pathname: 'simpleServer',
7 verbose parsed url   path: 'simpleServer',
7 verbose parsed url   href: 'simpleServer' }
8 silly lockFile e97f32a3-simpleServer simpleServer
9 verbose lock simpleServer /Users/silentimp/.npm/e97f32a3-simpleServer.lock
10 silly lockFile e97f32a3-simpleServer simpleServer
11 silly lockFile e97f32a3-simpleServer simpleServer
12 verbose addNamed [ 'simpleServer', '' ]
13 verbose addNamed [ null, '*' ]
14 silly lockFile 228ae9fc-simpleServer simpleServer@
15 verbose lock simpleServer@ /Users/silentimp/.npm/228ae9fc-simpleServer.lock
16 silly addNameRange { name: 'simpleServer', range: '*', hasData: false }
17 verbose url raw simpleServer
18 verbose url resolving [ 'https://registry.npmjs.org/', './simpleServer' ]
19 verbose url resolved https://registry.npmjs.org/simpleServer
20 info trying registry request attempt 1 at 20:43:33
21 http GET https://registry.npmjs.org/simpleServer
22 http 404 https://registry.npmjs.org/simpleServer
23 silly registry.get cb [ 404,
23 silly registry.get   { date: 'Sun, 13 Apr 2014 17:43:40 GMT',
23 silly registry.get     server: 'CouchDB/1.5.0 (Erlang OTP/R14B04)',
23 silly registry.get     'content-type': 'application/json',
23 silly registry.get     via: '1.1 varnish',
23 silly registry.get     'cache-control': 'max-age=0',
23 silly registry.get     'content-length': '52',
23 silly registry.get     'accept-ranges': 'bytes',
23 silly registry.get     age: '0',
23 silly registry.get     'x-served-by': 'cache-v42-ASH, cache-fra1235-FRA',
23 silly registry.get     'x-cache': 'MISS, MISS',
23 silly registry.get     'x-cache-hits': '0, 0',
23 silly registry.get     'x-timer': 'S1397411020.380185366,VS0,VS47,VE141,VE194',
23 silly registry.get     'keep-alive': 'timeout=10, max=50',
23 silly registry.get     connection: 'Keep-Alive' } ]
24 silly lockFile 228ae9fc-simpleServer simpleServer@
25 silly lockFile 228ae9fc-simpleServer simpleServer@
26 error 404 'simpleServer' is not in the npm registry.
26 error 404 You should bug the author to publish it
26 error 404 It was specified as a dependency of 'webglspeach'
26 error 404
26 error 404 Note that you can also install from a
26 error 404 tarball, folder, or http url, or git url.
27 error System Darwin 13.1.0
28 error command "/usr/local/Cellar/node/0.10.25/bin/node" "/usr/local/bin/npm" "install" "simpleServer"
29 error cwd /Users/silentimp/Games/webgl/presentation
30 error node -v v0.10.25
31 error npm -v 1.3.24
32 error code E404
33 verbose exit [ 1, true ]
